# JRE version: Java(TM) SE Runtime Environment (19.0.2+7) (build 19.0.2+7-44)
# Java VM: Java HotSpot(TM) 64-Bit Server VM (19.0.2+7-44, mixed mode, emulated-client, sharing, tiered, compressed oops, compressed class ptrs, g1 gc, windows-amd64)
GC Precious Log:
 CardTable entry size: 512
 Card Set container configuration: InlinePtr #cards 4 size 8 Array Of Cards #cards 16 size 48 Howl #buckets 8 coarsen threshold 3686 Howl Bitmap #cards 512 size 80 coarsen threshold 460 Card regions per heap region 1 cards per card region 4096
 CPUs: 12 total, 12 available
 Memory: 16114M
 Large Page Support: Disabled
 NUMA Support: Disabled
 Compressed Oops: Enabled (Zero based)
 Heap Region Size: 2M
 Heap Min Capacity: 8M
 Heap Initial Capacity: 252M
 Heap Max Capacity: 4030M
 Pre-touch: Disabled
 Parallel Workers: 10
 Concurrent Workers: 3
 Concurrent Refinement Workers: 10
 Periodic GC: Disabled
Heap:
 garbage-first heap   total 102400K, used 31405K [0x0000000704200000, 0x0000000800000000)
  region size 2048K, 2 young (4096K), 2 survivors (4096K)
 Metaspace       used 52042K, committed 52800K, reserved 1114112K
  class space    used 6914K, committed 7296K, reserved 1048576K
GC Heap History (20 events):
Event: 1.059 GC heap after
{Heap after GC invocations=2 (full 0):
 garbage-first heap   total 258048K, used 9334K [0x0000000704200000, 0x0000000800000000)
  region size 2048K, 1 young (2048K), 1 survivors (2048K)
 Metaspace       used 10973K, committed 11264K, reserved 1114112K
  class space    used 1407K, committed 1536K, reserved 1048576K
}
Event: 1.584 GC heap before
{Heap before GC invocations=2 (full 0):
 garbage-first heap   total 258048K, used 66678K [0x0000000704200000, 0x0000000800000000)
  region size 2048K, 29 young (59392K), 1 survivors (2048K)
 Metaspace       used 20890K, committed 21312K, reserved 1114112K
  class space    used 2720K, committed 2944K, reserved 1048576K
}
Event: 1.587 GC heap after
{Heap after GC invocations=3 (full 0):
 garbage-first heap   total 258048K, used 14179K [0x0000000704200000, 0x0000000800000000)
  region size 2048K, 4 young (8192K), 4 survivors (8192K)
 Metaspace       used 20890K, committed 21312K, reserved 1114112K
  class space    used 2720K, committed 2944K, reserved 1048576K
}
Event: 1.650 GC heap before
{Heap before GC invocations=3 (full 0):
 garbage-first heap   total 258048K, used 22371K [0x0000000704200000, 0x0000000800000000)
  region size 2048K, 9 young (18432K), 4 survivors (8192K)
 Metaspace       used 21105K, committed 21504K, reserved 1114112K
  class space    used 2755K, committed 2944K, reserved 1048576K
}
Event: 1.653 GC heap after
{Heap after GC invocations=4 (full 0):
 garbage-first heap   total 258048K, used 14902K [0x0000000704200000, 0x0000000800000000)
  region size 2048K, 4 young (8192K), 4 survivors (8192K)
 Metaspace       used 21105K, committed 21504K, reserved 1114112K
  class space    used 2755K, committed 2944K, reserved 1048576K
}
Event: 1.982 GC heap before
{Heap before GC invocations=5 (full 0):
 garbage-first heap   total 61440K, used 49718K [0x0000000704200000, 0x0000000800000000)
  region size 2048K, 21 young (43008K), 4 survivors (8192K)
 Metaspace       used 23950K, committed 24384K, reserved 1114112K
  class space    used 3195K, committed 3392K, reserved 1048576K
}
Event: 1.988 GC heap after
{Heap after GC invocations=6 (full 0):
 garbage-first heap   total 61440K, used 16976K [0x0000000704200000, 0x0000000800000000)
  region size 2048K, 2 young (4096K), 2 survivors (4096K)
 Metaspace       used 23950K, committed 24384K, reserved 1114112K
  class space    used 3195K, committed 3392K, reserved 1048576K
}
Event: 2.009 GC heap before
{Heap before GC invocations=6 (full 0):
 garbage-first heap   total 61440K, used 19024K [0x0000000704200000, 0x0000000800000000)
  region size 2048K, 3 young (6144K), 2 survivors (4096K)
 Metaspace       used 24333K, committed 24768K, reserved 1114112K
  class space    used 3254K, committed 3456K, reserved 1048576K
}
Event: 2.011 GC heap after
{Heap after GC invocations=7 (full 0):
 garbage-first heap   total 61440K, used 16862K [0x0000000704200000, 0x0000000800000000)
  region size 2048K, 1 young (2048K), 1 survivors (2048K)
 Metaspace       used 24333K, committed 24768K, reserved 1114112K
  class space    used 3254K, committed 3456K, reserved 1048576K
}
Event: 2.258 GC heap before
{Heap before GC invocations=7 (full 0):
 garbage-first heap   total 61440K, used 39390K [0x0000000704200000, 0x0000000800000000)
  region size 2048K, 13 young (26624K), 1 survivors (2048K)
 Metaspace       used 28464K, committed 28992K, reserved 1114112K
  class space    used 3777K, committed 4032K, reserved 1048576K
}
Event: 2.262 GC heap after
{Heap after GC invocations=8 (full 0):
 garbage-first heap   total 159744K, used 18246K [0x0000000704200000, 0x0000000800000000)
  region size 2048K, 2 young (4096K), 2 survivors (4096K)
 Metaspace       used 28464K, committed 28992K, reserved 1114112K
  class space    used 3777K, committed 4032K, reserved 1048576K
}
Event: 2.877 GC heap before
{Heap before GC invocations=8 (full 0):
 garbage-first heap   total 159744K, used 106310K [0x0000000704200000, 0x0000000800000000)
  region size 2048K, 46 young (94208K), 2 survivors (4096K)
 Metaspace       used 33373K, committed 33984K, reserved 1114112K
  class space    used 4467K, committed 4736K, reserved 1048576K
}
Event: 2.881 GC heap after
{Heap after GC invocations=9 (full 0):
 garbage-first heap   total 159744K, used 23082K [0x0000000704200000, 0x0000000800000000)
  region size 2048K, 4 young (8192K), 4 survivors (8192K)
 Metaspace       used 33373K, committed 33984K, reserved 1114112K
  class space    used 4467K, committed 4736K, reserved 1048576K
}
Event: 3.370 GC heap before
{Heap before GC invocations=9 (full 0):
 garbage-first heap   total 159744K, used 96810K [0x0000000704200000, 0x0000000800000000)
  region size 2048K, 41 young (83968K), 4 survivors (8192K)
 Metaspace       used 35519K, committed 36096K, reserved 1114112K
  class space    used 4789K, committed 5056K, reserved 1048576K
}
Event: 3.374 GC heap after
{Heap after GC invocations=10 (full 0):
 garbage-first heap   total 159744K, used 26464K [0x0000000704200000, 0x0000000800000000)
  region size 2048K, 5 young (10240K), 5 survivors (10240K)
 Metaspace       used 35519K, committed 36096K, reserved 1114112K
  class space    used 4789K, committed 5056K, reserved 1048576K
}
Event: 3.837 GC heap before
{Heap before GC invocations=11 (full 0):
 garbage-first heap   total 102400K, used 77664K [0x0000000704200000, 0x0000000800000000)
  region size 2048K, 30 young (61440K), 5 survivors (10240K)
 Metaspace       used 41254K, committed 41984K, reserved 1114112K
  class space    used 5607K, committed 5952K, reserved 1048576K
}
Event: 3.842 GC heap after
{Heap after GC invocations=12 (full 0):
 garbage-first heap   total 102400K, used 28238K [0x0000000704200000, 0x0000000800000000)
  region size 2048K, 3 young (6144K), 3 survivors (6144K)
 Metaspace       used 41254K, committed 41984K, reserved 1114112K
  class space    used 5607K, committed 5952K, reserved 1048576K
}
Event: 3.843 GC heap before
{Heap before GC invocations=12 (full 0):
 garbage-first heap   total 102400K, used 30286K [0x0000000704200000, 0x0000000800000000)
  region size 2048K, 4 young (8192K), 3 survivors (6144K)
 Metaspace       used 41266K, committed 41984K, reserved 1114112K
  class space    used 5609K, committed 5952K, reserved 1048576K
}
Event: 3.846 GC heap after
{Heap after GC invocations=13 (full 0):
 garbage-first heap   total 102400K, used 28347K [0x0000000704200000, 0x0000000800000000)
  region size 2048K, 1 young (2048K), 1 survivors (2048K)
 Metaspace       used 41266K, committed 41984K, reserved 1114112K
  class space    used 5609K, committed 5952K, reserved 1048576K
}
Event: 68.885 GC heap before
{Heap before GC invocations=13 (full 0):
 garbage-first heap   total 102400K, used 77499K [0x0000000704200000, 0x0000000800000000)
  region size 2048K, 26 young (53248K), 1 survivors (2048K)
 Metaspace       used 52042K, committed 52800K, reserved 1114112K
  class space    used 6914K, committed 7296K, reserved 1048576K
}

